<?xml version="1.0" encoding="UTF-8"?>
<robot generator="Robot 4.1.3 (Python 3.10.2 on win32)" generated="20220413 20:18:55.011" rpa="false" schemaversion="2">
<suite id="s1" name="Task 4" source="C:\Users\Linga-Gaja\Documents\Study\3rd Year\4th\Test Automation\Assignment\task_4">
<suite id="s1-s1" name="Morse" source="C:\Users\Linga-Gaja\Documents\Study\3rd Year\4th\Test Automation\Assignment\task_4\morse.robot">
<test id="s1-s1-t1" name="TestCase 1 Text Only">
<kw name="Set State Off" library="res" type="SETUP">
<kw name="Wpm State" library="MorseDecoderLibrary">
<arg>${off}</arg>
<status status="PASS" starttime="20220413 20:18:55.130" endtime="20220413 20:18:55.134"/>
</kw>
<kw name="Imm State" library="MorseDecoderLibrary">
<arg>${off}</arg>
<status status="PASS" starttime="20220413 20:18:55.134" endtime="20220413 20:18:55.138"/>
</kw>
<status status="PASS" starttime="20220413 20:18:55.129" endtime="20220413 20:18:55.138"/>
</kw>
<kw name="Morse Decoder Tester" library="res">
<arg>${TextSpeed}</arg>
<arg>Hello world</arg>
<arg>${TextSpeed}</arg>
<arg>HELLO WORLD</arg>
<arg>${zeroTolerance}</arg>
<kw name="Set Speed" library="MorseDecoderLibrary">
<arg>${SetSpeed}</arg>
<status status="PASS" starttime="20220413 20:18:55.139" endtime="20220413 20:18:55.140"/>
</kw>
<kw name="Send Text" library="MorseDecoderLibrary">
<arg>${SetText}</arg>
<status status="PASS" starttime="20220413 20:18:55.140" endtime="20220413 20:18:55.141"/>
</kw>
<kw name="Text Should Be" library="MorseDecoderLibrary">
<arg>${ExpectedText}</arg>
<status status="PASS" starttime="20220413 20:18:55.141" endtime="20220413 20:18:57.532"/>
</kw>
<kw name="Roundup Speed" library="MorseDecoderLibrary">
<arg>${ExpectedSpeed}</arg>
<arg>${tolerance}</arg>
<status status="PASS" starttime="20220413 20:18:57.532" endtime="20220413 20:18:57.532"/>
</kw>
<status status="PASS" starttime="20220413 20:18:55.139" endtime="20220413 20:18:57.532"/>
</kw>
<kw name="Set State On" library="res" type="TEARDOWN">
<kw name="Wpm State" library="MorseDecoderLibrary">
<arg>${on}</arg>
<status status="PASS" starttime="20220413 20:18:57.532" endtime="20220413 20:18:57.532"/>
</kw>
<kw name="Imm State" library="MorseDecoderLibrary">
<arg>${on}</arg>
<status status="PASS" starttime="20220413 20:18:57.532" endtime="20220413 20:18:57.542"/>
</kw>
<status status="PASS" starttime="20220413 20:18:57.532" endtime="20220413 20:18:57.542"/>
</kw>
<tag>AllTest</tag>
<tag>notStrict</tag>
<tag>TextOnly</tag>
<status status="PASS" starttime="20220413 20:18:55.129" endtime="20220413 20:18:57.542"/>
</test>
<test id="s1-s1-t2" name="TestCase 2 Relaxed Speed">
<kw name="Set State Off" library="res" type="SETUP">
<kw name="Wpm State" library="MorseDecoderLibrary">
<arg>${off}</arg>
<status status="PASS" starttime="20220413 20:18:57.542" endtime="20220413 20:18:57.542"/>
</kw>
<kw name="Imm State" library="MorseDecoderLibrary">
<arg>${off}</arg>
<status status="PASS" starttime="20220413 20:18:57.542" endtime="20220413 20:18:57.552"/>
</kw>
<status status="PASS" starttime="20220413 20:18:57.542" endtime="20220413 20:18:57.552"/>
</kw>
<kw name="Morse Decoder Tester" library="res">
<arg>${Speed}</arg>
<arg>Hello world</arg>
<arg>${Speed}</arg>
<arg>HELLO WORLD</arg>
<arg>${tolerance}</arg>
<kw name="Set Speed" library="MorseDecoderLibrary">
<arg>${SetSpeed}</arg>
<status status="PASS" starttime="20220413 20:18:57.556" endtime="20220413 20:18:57.556"/>
</kw>
<kw name="Send Text" library="MorseDecoderLibrary">
<arg>${SetText}</arg>
<status status="PASS" starttime="20220413 20:18:57.556" endtime="20220413 20:18:57.557"/>
</kw>
<kw name="Text Should Be" library="MorseDecoderLibrary">
<arg>${ExpectedText}</arg>
<status status="PASS" starttime="20220413 20:18:57.557" endtime="20220413 20:18:59.051"/>
</kw>
<kw name="Roundup Speed" library="MorseDecoderLibrary">
<arg>${ExpectedSpeed}</arg>
<arg>${tolerance}</arg>
<status status="PASS" starttime="20220413 20:18:59.051" endtime="20220413 20:18:59.061"/>
</kw>
<status status="PASS" starttime="20220413 20:18:57.552" endtime="20220413 20:18:59.061"/>
</kw>
<kw name="Set State On" library="res" type="TEARDOWN">
<kw name="Wpm State" library="MorseDecoderLibrary">
<arg>${on}</arg>
<status status="PASS" starttime="20220413 20:18:59.061" endtime="20220413 20:18:59.061"/>
</kw>
<kw name="Imm State" library="MorseDecoderLibrary">
<arg>${on}</arg>
<status status="PASS" starttime="20220413 20:18:59.061" endtime="20220413 20:18:59.061"/>
</kw>
<status status="PASS" starttime="20220413 20:18:59.061" endtime="20220413 20:18:59.061"/>
</kw>
<tag>AllTest</tag>
<tag>notStrict</tag>
<tag>Relaxed</tag>
<status status="PASS" starttime="20220413 20:18:57.542" endtime="20220413 20:18:59.071"/>
</test>
<test id="s1-s1-t3" name="TestCase 3 Strict">
<kw name="Set State Off" library="res" type="SETUP">
<kw name="Wpm State" library="MorseDecoderLibrary">
<arg>${off}</arg>
<status status="PASS" starttime="20220413 20:18:59.071" endtime="20220413 20:18:59.071"/>
</kw>
<kw name="Imm State" library="MorseDecoderLibrary">
<arg>${off}</arg>
<status status="PASS" starttime="20220413 20:18:59.071" endtime="20220413 20:18:59.081"/>
</kw>
<status status="PASS" starttime="20220413 20:18:59.071" endtime="20220413 20:18:59.081"/>
</kw>
<kw name="Run Keyword And Expect Error" library="BuiltIn">
<var>${output}</var>
<arg>*</arg>
<arg>Morse Decoder Tester</arg>
<arg>${Speed}</arg>
<arg>Hello world</arg>
<arg>${Speed}</arg>
<arg>HELLO WORLD</arg>
<arg>${zeroTolerance}</arg>
<doc>Runs the keyword and checks that the expected error occurred.</doc>
<kw name="Morse Decoder Tester" library="res">
<arg>${Speed}</arg>
<arg>Hello world</arg>
<arg>${Speed}</arg>
<arg>HELLO WORLD</arg>
<arg>${zeroTolerance}</arg>
<kw name="Set Speed" library="MorseDecoderLibrary">
<arg>${SetSpeed}</arg>
<status status="PASS" starttime="20220413 20:18:59.081" endtime="20220413 20:18:59.081"/>
</kw>
<kw name="Send Text" library="MorseDecoderLibrary">
<arg>${SetText}</arg>
<status status="PASS" starttime="20220413 20:18:59.081" endtime="20220413 20:18:59.081"/>
</kw>
<kw name="Text Should Be" library="MorseDecoderLibrary">
<arg>${ExpectedText}</arg>
<status status="PASS" starttime="20220413 20:18:59.081" endtime="20220413 20:19:00.518"/>
</kw>
<kw name="Roundup Speed" library="MorseDecoderLibrary">
<arg>${ExpectedSpeed}</arg>
<arg>${tolerance}</arg>
<msg timestamp="20220413 20:19:00.528" level="FAIL">Expected:80 got: 83 line: [ WPM: 83 ]</msg>
<status status="FAIL" starttime="20220413 20:19:00.528" endtime="20220413 20:19:00.528"/>
</kw>
<status status="FAIL" starttime="20220413 20:18:59.081" endtime="20220413 20:19:00.528"/>
</kw>
<msg timestamp="20220413 20:19:00.528" level="INFO">${output} = Expected:80 got: 83 line: [ WPM: 83 ]</msg>
<status status="PASS" starttime="20220413 20:18:59.081" endtime="20220413 20:19:00.528"/>
</kw>
<kw name="Log To Console" library="BuiltIn">
<arg>\n${output}</arg>
<doc>Logs the given message to the console.</doc>
<status status="PASS" starttime="20220413 20:19:00.528" endtime="20220413 20:19:00.528"/>
</kw>
<kw name="Set State On" library="res" type="TEARDOWN">
<kw name="Wpm State" library="MorseDecoderLibrary">
<arg>${on}</arg>
<status status="PASS" starttime="20220413 20:19:00.528" endtime="20220413 20:19:00.528"/>
</kw>
<kw name="Imm State" library="MorseDecoderLibrary">
<arg>${on}</arg>
<status status="PASS" starttime="20220413 20:19:00.538" endtime="20220413 20:19:00.538"/>
</kw>
<status status="PASS" starttime="20220413 20:19:00.528" endtime="20220413 20:19:00.538"/>
</kw>
<tag>AllTest</tag>
<tag>Strict</tag>
<status status="PASS" starttime="20220413 20:18:59.071" endtime="20220413 20:19:00.538"/>
</test>
<doc>Morse transmitter test</doc>
<status status="PASS" starttime="20220413 20:18:55.051" endtime="20220413 20:19:00.538"/>
</suite>
<status status="PASS" starttime="20220413 20:18:55.011" endtime="20220413 20:19:00.538"/>
</suite>
<statistics>
<total>
<stat pass="3" fail="0" skip="0">All Tests</stat>
</total>
<tag>
<stat pass="3" fail="0" skip="0">AllTest</stat>
<stat pass="2" fail="0" skip="0">notStrict</stat>
<stat pass="1" fail="0" skip="0">Relaxed</stat>
<stat pass="1" fail="0" skip="0">Strict</stat>
<stat pass="1" fail="0" skip="0">TextOnly</stat>
</tag>
<suite>
<stat pass="3" fail="0" skip="0" id="s1" name="Task 4">Task 4</stat>
<stat pass="3" fail="0" skip="0" id="s1-s1" name="Morse">Task 4.Morse</stat>
</suite>
</statistics>
<errors>
</errors>
</robot>
